Determining if the pthread_create exist failed with the following output:
Change Dir: /media/ttzhou/documents/robosense/qtUi/1024/pcl_read/src/build-pcl_read-Desktop_Qt_5_5_1_GCC_64bit-Debug/CMakeFiles/CMakeTmp

Run Build Command:"/usr/bin/make" "cmTC_d7b3b/fast"
/usr/bin/make -f CMakeFiles/cmTC_d7b3b.dir/build.make CMakeFiles/cmTC_d7b3b.dir/build
make[1]: Entering directory '/media/ttzhou/documents/robosense/qtUi/1024/pcl_read/src/build-pcl_read-Desktop_Qt_5_5_1_GCC_64bit-Debug/CMakeFiles/CMakeTmp'
Building C object CMakeFiles/cmTC_d7b3b.dir/CheckSymbolExists.c.o
/usr/bin/cc     -o CMakeFiles/cmTC_d7b3b.dir/CheckSymbolExists.c.o   -c /media/ttzhou/documents/robosense/qtUi/1024/pcl_read/src/build-pcl_read-Desktop_Qt_5_5_1_GCC_64bit-Debug/CMakeFiles/CMakeTmp/CheckSymbolExists.c
Linking C executable cmTC_d7b3b
/usr/bin/cmake -E cmake_link_script CMakeFiles/cmTC_d7b3b.dir/link.txt --verbose=1
/usr/bin/cc       CMakeFiles/cmTC_d7b3b.dir/CheckSymbolExists.c.o  -o cmTC_d7b3b -rdynamic 
CMakeFiles/cmTC_d7b3b.dir/CheckSymbolExists.c.o：在函数‘main’中：
CheckSymbolExists.c:(.text+0x16)：对‘pthread_create’未定义的引用
collect2: error: ld returned 1 exit status
CMakeFiles/cmTC_d7b3b.dir/build.make:97: recipe for target 'cmTC_d7b3b' failed
make[1]: *** [cmTC_d7b3b] Error 1
make[1]: Leaving directory '/media/ttzhou/documents/robosense/qtUi/1024/pcl_read/src/build-pcl_read-Desktop_Qt_5_5_1_GCC_64bit-Debug/CMakeFiles/CMakeTmp'
Makefile:126: recipe for target 'cmTC_d7b3b/fast' failed
make: *** [cmTC_d7b3b/fast] Error 2

File /media/ttzhou/documents/robosense/qtUi/1024/pcl_read/src/build-pcl_read-Desktop_Qt_5_5_1_GCC_64bit-Debug/CMakeFiles/CMakeTmp/CheckSymbolExists.c:
/* */
#include <pthread.h>

int main(int argc, char** argv)
{
  (void)argv;
#ifndef pthread_create
  return ((int*)(&pthread_create))[argc];
#else
  (void)argc;
  return 0;
#endif
}

Determining if the function pthread_create exists in the pthreads failed with the following output:
Change Dir: /media/ttzhou/documents/robosense/qtUi/1024/pcl_read/src/build-pcl_read-Desktop_Qt_5_5_1_GCC_64bit-Debug/CMakeFiles/CMakeTmp

Run Build Command:"/usr/bin/make" "cmTC_dee92/fast"
/usr/bin/make -f CMakeFiles/cmTC_dee92.dir/build.make CMakeFiles/cmTC_dee92.dir/build
make[1]: Entering directory '/media/ttzhou/documents/robosense/qtUi/1024/pcl_read/src/build-pcl_read-Desktop_Qt_5_5_1_GCC_64bit-Debug/CMakeFiles/CMakeTmp'
Building C object CMakeFiles/cmTC_dee92.dir/CheckFunctionExists.c.o
/usr/bin/cc    -DCHECK_FUNCTION_EXISTS=pthread_create   -o CMakeFiles/cmTC_dee92.dir/CheckFunctionExists.c.o   -c /usr/share/cmake-3.5/Modules/CheckFunctionExists.c
Linking C executable cmTC_dee92
/usr/bin/cmake -E cmake_link_script CMakeFiles/cmTC_dee92.dir/link.txt --verbose=1
/usr/bin/cc   -DCHECK_FUNCTION_EXISTS=pthread_create    CMakeFiles/cmTC_dee92.dir/CheckFunctionExists.c.o  -o cmTC_dee92 -rdynamic -lpthreads 
/usr/bin/ld: 找不到 -lpthreads
collect2: error: ld returned 1 exit status
CMakeFiles/cmTC_dee92.dir/build.make:97: recipe for target 'cmTC_dee92' failed
make[1]: *** [cmTC_dee92] Error 1
make[1]: Leaving directory '/media/ttzhou/documents/robosense/qtUi/1024/pcl_read/src/build-pcl_read-Desktop_Qt_5_5_1_GCC_64bit-Debug/CMakeFiles/CMakeTmp'
Makefile:126: recipe for target 'cmTC_dee92/fast' failed
make: *** [cmTC_dee92/fast] Error 2


